2026-01-05 19:45:37,313 - INFO - ============================================================
2026-01-05 19:45:37,313 - INFO - AADHAAR DATA ANALYSIS PIPELINE STARTED
2026-01-05 19:45:37,313 - INFO - ============================================================
2026-01-05 19:45:37,313 - INFO - [1/8] Loading datasets...
2026-01-05 19:45:38,859 - INFO -   Enrolment: 1,006,029 records
2026-01-05 19:45:38,859 - INFO -   Demographic: 2,071,700 records
2026-01-05 19:45:38,859 - INFO -   Biometric: 1,861,108 records
2026-01-05 19:45:38,859 - INFO - [2/8] Assessing data quality...
2026-01-05 19:45:41,477 - INFO - [3/8] Preprocessing data...
2026-01-05 19:45:51,880 - INFO - [4/8] Running primary analyses...
2026-01-05 19:45:53,451 - INFO - [5/8] Running deep dive analyses...
2026-01-05 19:45:53,451 - INFO -   - Analyzing anomaly patterns...
2026-01-05 19:45:53,453 - INFO -   - Identifying cross-dataset outliers...
2026-01-05 19:45:53,454 - INFO -   - Bottom states district analysis...
2026-01-05 19:45:53,478 - INFO - [6/8] Generating visualizations...
2026-01-05 19:45:54,934 - ERROR - Pipeline failed: 'Text' object has no property 'padx'
Traceback (most recent call last):
  File "/Users/shura/Documents/AadharHackathon/src/run_analysis.py", line 210, in main
    figures['16_dashboard'] = save_fig(create_dashboard(enrol_trends, state_enrol, age_dist, comparative, 'Dashboard'), '16_dashboard.png', FIGURES_DIR)
                                       ~~~~~~~~~~~~~~~~^^^^^^^^^^^^^^^^^^^^^^^^^^^^^^^^^^^^^^^^^^^^^^^^^^^^^^^^^^^^^^^
  File "/Users/shura/Documents/AadharHackathon/src/visualization.py", line 303, in create_dashboard
    ax3.text(width, bar.get_y() + bar.get_height()/2,
    ~~~~~~~~^^^^^^^^^^^^^^^^^^^^^^^^^^^^^^^^^^^^^^^^^
             f'{width:,.0f}',
             ^^^^^^^^^^^^^^^^
             ha='left', va='center', fontweight='bold', fontsize=9, padx=5)
             ^^^^^^^^^^^^^^^^^^^^^^^^^^^^^^^^^^^^^^^^^^^^^^^^^^^^^^^^^^^^^^
  File "/Users/shura/Documents/AadharHackathon/venv/lib/python3.14/site-packages/matplotlib/axes/_axes.py", line 710, in text
    t = mtext.Text(x, y, text=s, **effective_kwargs)
  File "/Users/shura/Documents/AadharHackathon/venv/lib/python3.14/site-packages/matplotlib/text.py", line 155, in __init__
    self.update(kwargs)
    ~~~~~~~~~~~^^^^^^^^
  File "/Users/shura/Documents/AadharHackathon/venv/lib/python3.14/site-packages/matplotlib/text.py", line 205, in update
    ret.extend(super().update(kwargs))
               ~~~~~~~~~~~~~~^^^^^^^^
  File "/Users/shura/Documents/AadharHackathon/venv/lib/python3.14/site-packages/matplotlib/artist.py", line 1223, in update
    return self._update_props(
           ~~~~~~~~~~~~~~~~~~^
        props, "{cls.__name__!r} object has no property {prop_name!r}")
        ^^^^^^^^^^^^^^^^^^^^^^^^^^^^^^^^^^^^^^^^^^^^^^^^^^^^^^^^^^^^^^^
  File "/Users/shura/Documents/AadharHackathon/venv/lib/python3.14/site-packages/matplotlib/artist.py", line 1206, in _update_props
    raise AttributeError(
        errfmt.format(cls=type(self), prop_name=k),
        name=k)
AttributeError: 'Text' object has no property 'padx'
2026-01-05 19:46:16,220 - INFO - ============================================================
2026-01-05 19:46:16,220 - INFO - AADHAAR DATA ANALYSIS PIPELINE STARTED
2026-01-05 19:46:16,220 - INFO - ============================================================
2026-01-05 19:46:16,220 - INFO - [1/8] Loading datasets...
2026-01-05 19:46:17,692 - INFO -   Enrolment: 1,006,029 records
2026-01-05 19:46:17,692 - INFO -   Demographic: 2,071,700 records
2026-01-05 19:46:17,692 - INFO -   Biometric: 1,861,108 records
2026-01-05 19:46:17,692 - INFO - [2/8] Assessing data quality...
2026-01-05 19:46:20,004 - INFO - [3/8] Preprocessing data...
2026-01-05 19:46:29,995 - INFO - [4/8] Running primary analyses...
2026-01-05 19:46:31,271 - INFO - [5/8] Running deep dive analyses...
2026-01-05 19:46:31,271 - INFO -   - Analyzing anomaly patterns...
2026-01-05 19:46:31,272 - INFO -   - Identifying cross-dataset outliers...
2026-01-05 19:46:31,272 - INFO -   - Bottom states district analysis...
2026-01-05 19:46:31,298 - INFO - [6/8] Generating visualizations...
2026-01-05 19:46:32,669 - INFO - [7/8] Compiling insights...
2026-01-05 19:46:32,726 - INFO - [8/8] Generating PDF report...
2026-01-05 19:46:33,315 - INFO - Report saved to: /Users/shura/Documents/AadharHackathon/outputs/report.pdf
2026-01-05 19:46:33,315 - INFO - Analysis pipeline completed successfully!
